<?xml version="1.0" encoding="UTF-8"?>
<robot generator="Robot 5.0.1 (Python 3.9.13 on win32)" generated="20230618 07:17:21.457" rpa="false" schemaversion="3">
<suite id="s1" name="Tasks" source="d:\Coding\Robot-turnkeyid-naufal\tasks.robot">
<test id="s1-t1" name="Sebagai user, saya dapat mendapatkan informasi yang jelas dan transparan tentang proses perdagangan." line="12">
<kw name="Given I am on the FBS landing page" library="keywords">
<kw name="Open Available Browser" library="RPA.Browser">
<doc>Attempts to open a browser on the user's device from a set of
supported browsers. Automatically downloads a corresponding webdriver
if none is already installed.</doc>
<msg timestamp="20230618 07:17:22.654" level="INFO">Creating an instance of the Chrome WebDriver.</msg>
<msg timestamp="20230618 07:17:25.168" level="INFO">Created Chrome browser with arguments: --disable-dev-shm-usage --disable-web-security --allow-running-insecure-content --no-sandbox</msg>
<msg timestamp="20230618 07:17:25.169" level="INFO" html="true">&lt;p&gt;Attempted combinations:&lt;/p&gt;&lt;div class="doc"&gt;&lt;table&gt;&lt;tr&gt;&lt;th&gt;Browser&lt;/th&gt;&lt;th&gt;Download&lt;/th&gt;&lt;th&gt;Error&lt;/th&gt;&lt;/tr&gt;&lt;tr&gt;&lt;td&gt;Chrome&lt;/td&gt;&lt;td&gt;False&lt;/td&gt;&lt;td&gt;&lt;/td&gt;&lt;/tr&gt;&lt;/table&gt;&lt;/div&gt;</msg>
<status status="PASS" starttime="20230618 07:17:22.652" endtime="20230618 07:17:25.169"/>
</kw>
<kw name="Go To" library="RPA.Browser">
<arg>%{FBS_URL}</arg>
<doc>Navigates the current browser window to the provided ``url``.</doc>
<msg timestamp="20230618 07:17:25.170" level="INFO">Opening url 'https://ind-fbs-broker.com/'</msg>
<status status="PASS" starttime="20230618 07:17:25.170" endtime="20230618 07:17:30.782"/>
</kw>
<kw name="Maximize Browser Window" library="RPA.Browser">
<doc>Maximizes current browser window.</doc>
<status status="PASS" starttime="20230618 07:17:30.783" endtime="20230618 07:17:30.973"/>
</kw>
<kw name="Sleep" library="BuiltIn">
<arg>1s</arg>
<doc>Pauses the test executed for the given time.</doc>
<msg timestamp="20230618 07:17:31.975" level="INFO">Slept 1 second</msg>
<status status="PASS" starttime="20230618 07:17:30.973" endtime="20230618 07:17:31.975"/>
</kw>
<status status="PASS" starttime="20230618 07:17:22.651" endtime="20230618 07:17:31.975"/>
</kw>
<kw name="When I click on the &quot;Terminal Trading&quot; option" library="keywords">
<kw name="Click Element" library="RPA.Browser">
<arg>xpath=//a[contains(normalize-space(), 'Terminal trading')]</arg>
<doc>Click the element identified by ``locator``.</doc>
<msg timestamp="20230618 07:17:31.980" level="INFO">Clicking element 'xpath=//a[contains(normalize-space(), 'Terminal trading')]'.</msg>
<status status="PASS" starttime="20230618 07:17:31.978" endtime="20230618 07:17:34.268"/>
</kw>
<kw name="Sleep" library="BuiltIn">
<arg>1s</arg>
<doc>Pauses the test executed for the given time.</doc>
<msg timestamp="20230618 07:17:35.270" level="INFO">Slept 1 second</msg>
<status status="PASS" starttime="20230618 07:17:34.269" endtime="20230618 07:17:35.270"/>
</kw>
<status status="PASS" starttime="20230618 07:17:31.977" endtime="20230618 07:17:35.271"/>
</kw>
<kw name="Then I should see the different types of trading platforms" library="keywords">
<kw name="Element Should Contain" library="RPA.Browser">
<arg>xpath=//span[contains(normalize-space(), 'FBS Trader')]</arg>
<arg>FBS Trader</arg>
<doc>Verifies that element ``locator`` contains text ``expected``.</doc>
<msg timestamp="20230618 07:17:35.360" level="INFO">Element 'xpath=//span[contains(normalize-space(), 'FBS Trader')]' contains text 'FBS Trader'.</msg>
<status status="PASS" starttime="20230618 07:17:35.273" endtime="20230618 07:17:35.361"/>
</kw>
<kw name="Element Should Contain" library="RPA.Browser">
<arg>xpath=//span[contains(normalize-space(), 'MetaTrader 4')]</arg>
<arg>MetaTrader 4</arg>
<doc>Verifies that element ``locator`` contains text ``expected``.</doc>
<msg timestamp="20230618 07:17:35.397" level="INFO">Element 'xpath=//span[contains(normalize-space(), 'MetaTrader 4')]' contains text 'MetaTrader 4'.</msg>
<status status="PASS" starttime="20230618 07:17:35.361" endtime="20230618 07:17:35.397"/>
</kw>
<kw name="Element Should Contain" library="RPA.Browser">
<arg>xpath=//span[contains(normalize-space(), 'MetaTrader 5')]</arg>
<arg>MetaTrader 5</arg>
<doc>Verifies that element ``locator`` contains text ``expected``.</doc>
<msg timestamp="20230618 07:17:35.432" level="INFO">Element 'xpath=//span[contains(normalize-space(), 'MetaTrader 5')]' contains text 'MetaTrader 5'.</msg>
<status status="PASS" starttime="20230618 07:17:35.397" endtime="20230618 07:17:35.432"/>
</kw>
<kw name="Sleep" library="BuiltIn">
<arg>1s</arg>
<doc>Pauses the test executed for the given time.</doc>
<msg timestamp="20230618 07:17:36.435" level="INFO">Slept 1 second</msg>
<status status="PASS" starttime="20230618 07:17:35.433" endtime="20230618 07:17:36.435"/>
</kw>
<status status="PASS" starttime="20230618 07:17:35.272" endtime="20230618 07:17:36.435"/>
</kw>
<kw name="When I scroll down to the section on application features" library="keywords">
<kw name="Execute Javascript" library="RPA.Browser">
<arg>document.querySelector('.trader-platform__instruments-list').scrollIntoView()</arg>
<doc>Executes the given JavaScript code with possible arguments.</doc>
<msg timestamp="20230618 07:17:36.438" level="INFO">Executing JavaScript:
document.querySelector('.trader-platform__instruments-list').scrollIntoView()
Without any arguments.</msg>
<status status="PASS" starttime="20230618 07:17:36.437" endtime="20230618 07:17:36.462"/>
</kw>
<kw name="Sleep" library="BuiltIn">
<arg>1s</arg>
<doc>Pauses the test executed for the given time.</doc>
<msg timestamp="20230618 07:17:37.466" level="INFO">Slept 1 second</msg>
<status status="PASS" starttime="20230618 07:17:36.463" endtime="20230618 07:17:37.466"/>
</kw>
<status status="PASS" starttime="20230618 07:17:36.436" endtime="20230618 07:17:37.467"/>
</kw>
<kw name="Then I should be able to view the application features" library="keywords">
<kw name="Page Should Contain" library="RPA.Browser">
<arg>Pantau pasar dan buka order dalam beberapa ketukan</arg>
<doc>Verifies that current page contains ``text``.</doc>
<msg timestamp="20230618 07:17:37.506" level="INFO">Current page contains text 'Pantau pasar dan buka order dalam beberapa ketukan'.</msg>
<status status="PASS" starttime="20230618 07:17:37.469" endtime="20230618 07:17:37.506"/>
</kw>
<kw name="Page Should Contain" library="RPA.Browser">
<arg>Trading Forex, saham, kripto, logam, dan energi</arg>
<doc>Verifies that current page contains ``text``.</doc>
<msg timestamp="20230618 07:17:37.542" level="INFO">Current page contains text 'Trading Forex, saham, kripto, logam, dan energi'.</msg>
<status status="PASS" starttime="20230618 07:17:37.506" endtime="20230618 07:17:37.542"/>
</kw>
<kw name="Page Should Contain" library="RPA.Browser">
<arg>Deposit dan tarik dana 24/7 melalui 100+ metode pembayaran</arg>
<doc>Verifies that current page contains ``text``.</doc>
<msg timestamp="20230618 07:17:37.578" level="INFO">Current page contains text 'Deposit dan tarik dana 24/7 melalui 100+ metode pembayaran'.</msg>
<status status="PASS" starttime="20230618 07:17:37.543" endtime="20230618 07:17:37.579"/>
</kw>
<kw name="Page Should Contain" library="RPA.Browser">
<arg>Nikmati dukungan dalam bahasa Indonesia, 24/7</arg>
<doc>Verifies that current page contains ``text``.</doc>
<msg timestamp="20230618 07:17:37.617" level="INFO">Current page contains text 'Nikmati dukungan dalam bahasa Indonesia, 24/7'.</msg>
<status status="PASS" starttime="20230618 07:17:37.579" endtime="20230618 07:17:37.618"/>
</kw>
<kw name="Sleep" library="BuiltIn">
<arg>1s</arg>
<doc>Pauses the test executed for the given time.</doc>
<msg timestamp="20230618 07:17:38.619" level="INFO">Slept 1 second</msg>
<status status="PASS" starttime="20230618 07:17:37.618" endtime="20230618 07:17:38.619"/>
</kw>
<status status="PASS" starttime="20230618 07:17:37.468" endtime="20230618 07:17:38.619"/>
</kw>
<status status="PASS" starttime="20230618 07:17:22.649" endtime="20230618 07:17:38.621"/>
</test>
<doc>This suite contains all the test cases for the FBS website.</doc>
<status status="PASS" starttime="20230618 07:17:21.468" endtime="20230618 07:17:38.624"/>
</suite>
<statistics>
<total>
<stat pass="1" fail="0" skip="0">All Tests</stat>
</total>
<tag>
</tag>
<suite>
<stat pass="1" fail="0" skip="0" id="s1" name="Tasks">Tasks</stat>
</suite>
</statistics>
<errors>
<msg timestamp="20230618 07:17:21.542" level="ERROR">Error in file 'd:\Coding\Robot-turnkeyid-naufal\tasks.robot' on line 6: Importing library 'Gherkin' failed: ModuleNotFoundError: No module named 'Gherkin'
Traceback (most recent call last):
  None
PYTHONPATH:
  d:\Coding\Robot-turnkeyid-naufal\keywords
  d:\Coding\Robot-turnkeyid-naufal\resources
  d:\Coding\Robot-turnkeyid-naufal\libraries
  c:\Users\Naufal\.vscode\extensions\robocorp.robotframework-lsp-1.11.0\src\robotframework_debug_adapter
  d:\Coding\Robot-turnkeyid-naufal\keywords
  d:\Coding\Robot-turnkeyid-naufal\resources
  d:\Coding\Robot-turnkeyid-naufal\libraries
  c:\Users\Naufal\.vscode\extensions\robocorp.robotframework-lsp-1.11.0\src
  c:\Users\Naufal\.vscode\extensions\robocorp.robotframework-lsp-1.11.0\src\robotframework_ls\vendored
  c:\ProgramData\robocorp\ht\8982c83_b1f3c24_691db988\python39.zip
  c:\ProgramData\robocorp\ht\8982c83_b1f3c24_691db988\DLLs
  c:\ProgramData\robocorp\ht\8982c83_b1f3c24_691db988\lib
  c:\ProgramData\robocorp\ht\8982c83_b1f3c24_691db988
  c:\ProgramData\robocorp\ht\8982c83_b1f3c24_691db988\lib\site-packages
  c:\ProgramData\robocorp\ht\8982c83_b1f3c24_691db988\lib\site-packages\win32
  c:\ProgramData\robocorp\ht\8982c83_b1f3c24_691db988\lib\site-packages\win32\lib
  c:\ProgramData\robocorp\ht\8982c83_b1f3c24_691db988\lib\site-packages\Pythonwin</msg>
<msg timestamp="20230618 07:17:22.535" level="WARN">This is a deprecated import that will be removed in favor of RPA.Browser.Selenium</msg>
</errors>
</robot>
